<?xml version="1.0" encoding="UTF-8"?>
<!-- Generated by org.testng.reporters.JUnitReportReporter -->
<testsuite hostname="LAPTOP-ALBSE3EB" failures="0" tests="1" name="demo.DemosHybrid" time="56.955" errors="0" timestamp="12 Aug 2021 04:43:31 GMT">
  <testcase classname="demo.DemosHybrid" name="testCase4" time="56.955"/>
</testsuite> <!-- demo.DemosHybrid -->
